<?xml version="1.0" encoding="UTF-8"?>
<testng-results ignored="0" total="1" passed="1" failed="0" skipped="0">
  <reporter-output>
  </reporter-output>
  <suite started-at="2025-01-19T04:33:36 IST" name="Default suite" finished-at="2025-01-19T04:34:33 IST" duration-ms="56929">
    <groups>
    </groups>
    <test started-at="2025-01-19T04:33:36 IST" name="Default test" finished-at="2025-01-19T04:34:33 IST" duration-ms="56929">
      <class name="com.framework.tests.functional.LoginTest">
        <test-method is-config="true" signature="setUp()[pri:0, instance:com.framework.tests.functional.LoginTest@1165b38]" started-at="2025-01-19T04:33:36 IST" name="setUp" finished-at="2025-01-19T04:33:46 IST" duration-ms="9408" status="PASS">
          <reporter-output>
          </reporter-output>
        </test-method> <!-- setUp -->
        <test-method signature="testValidLogin()[pri:0, instance:com.framework.tests.functional.LoginTest@1165b38]" started-at="2025-01-19T04:33:46 IST" name="testValidLogin" finished-at="2025-01-19T04:34:33 IST" duration-ms="47055" status="PASS">
          <reporter-output>
          </reporter-output>
        </test-method> <!-- testValidLogin -->
        <test-method is-config="true" signature="tearDown(org.testng.ITestResult)[pri:0, instance:com.framework.tests.functional.LoginTest@1165b38]" started-at="2025-01-19T04:34:33 IST" name="tearDown" finished-at="2025-01-19T04:34:33 IST" duration-ms="357" status="PASS">
          <params>
            <param index="0">
              <value>
                <![CDATA[[TestResult name=testValidLogin status=SUCCESS method=LoginTest.testValidLogin()[pri:0, instance:com.framework.tests.functional.LoginTest@1165b38] output={null}]]]>
              </value>
            </param>
          </params>
          <reporter-output>
          </reporter-output>
        </test-method> <!-- tearDown -->
      </class> <!-- com.framework.tests.functional.LoginTest -->
    </test> <!-- Default test -->
  </suite> <!-- Default suite -->
</testng-results>
